<?xml version="1.0" encoding="UTF-8"?>
<!-- Generated by org.testng.reporters.JUnitXMLReporter -->
<testsuite ignored="6" hostname="LTIN683217" failures="0" tests="1" name="Zigwheels Functional Test" time="29.534" errors="0" timestamp="2026-05-28T12:53:24 IST">
  <testcase classname="tests.ZigwheelsTest" name="testMorePage" time="13.217"/>
  <testcase classname="tests.ZigwheelsTest" name="testUserReviews" time="0.0">
    <ignored/>
  </testcase> <!-- testUserReviews -->
  <testcase classname="tests.ZigwheelsTest" name="testUsedCarsChennai" time="0.0">
    <ignored/>
  </testcase> <!-- testUsedCarsChennai -->
  <testcase classname="tests.ZigwheelsTest" name="testElectricCars" time="0.0">
    <ignored/>
  </testcase> <!-- testElectricCars -->
  <testcase classname="tests.ZigwheelsTest" name="testUpcomingHondaBikes" time="0.0">
    <ignored/>
  </testcase> <!-- testUpcomingHondaBikes -->
  <testcase classname="tests.ZigwheelsTest" name="testGoogleLogin" time="0.0">
    <ignored/>
  </testcase> <!-- testGoogleLogin -->
  <testcase classname="tests.ZigwheelsTest" name="testBikeDealers" time="0.0">
    <ignored/>
  </testcase> <!-- testBikeDealers -->
</testsuite> <!-- Zigwheels Functional Test -->
