<?xml version="1.0" encoding="UTF-8"?>
<!-- Generated by org.testng.reporters.JUnitReportReporter -->
<testsuite hostname="LTIN682992" failures="0" tests="6" name="tests.ZigwheelsTest" time="17.066" errors="0" timestamp="2026-05-27T18:24:59 IST" skipped="5">
  <testcase classname="tests.ZigwheelsTest" name="testUserReviews" time="17.066"/>
  <testcase classname="tests.ZigwheelsTest" name="testGoogleLogin">
    <skipped/>
  </testcase> <!-- testGoogleLogin -->
  <testcase classname="tests.ZigwheelsTest" name="testUpcomingHondaBikes">
    <skipped/>
  </testcase> <!-- testUpcomingHondaBikes -->
  <testcase classname="tests.ZigwheelsTest" name="testElectricCars">
    <skipped/>
  </testcase> <!-- testElectricCars -->
  <testcase classname="tests.ZigwheelsTest" name="testUsedCarsChennai">
    <skipped/>
  </testcase> <!-- testUsedCarsChennai -->
  <testcase classname="tests.ZigwheelsTest" name="testBikeDealers">
    <skipped/>
  </testcase> <!-- testBikeDealers -->
</testsuite> <!-- tests.ZigwheelsTest -->
