<?xml version="1.0" encoding="UTF-8"?>
<!-- Generated by org.testng.reporters.JUnitReportReporter -->
<testsuite hostname="LTIN683217" failures="0" tests="7" name="tests.ZigwheelsTest" time="33.607" errors="0" timestamp="2026-05-28T14:38:15 IST" skipped="6">
  <testcase classname="tests.ZigwheelsTest" name="testMorePage" time="33.607"/>
  <testcase classname="tests.ZigwheelsTest" name="testUserReviews">
    <skipped/>
  </testcase> <!-- testUserReviews -->
  <testcase classname="tests.ZigwheelsTest" name="testUsedCarsChennai">
    <skipped/>
  </testcase> <!-- testUsedCarsChennai -->
  <testcase classname="tests.ZigwheelsTest" name="testElectricCars">
    <skipped/>
  </testcase> <!-- testElectricCars -->
  <testcase classname="tests.ZigwheelsTest" name="testUpcomingHondaBikes">
    <skipped/>
  </testcase> <!-- testUpcomingHondaBikes -->
  <testcase classname="tests.ZigwheelsTest" name="testGoogleLogin">
    <skipped/>
  </testcase> <!-- testGoogleLogin -->
  <testcase classname="tests.ZigwheelsTest" name="testBikeDealers">
    <skipped/>
  </testcase> <!-- testBikeDealers -->
</testsuite> <!-- tests.ZigwheelsTest -->
