<?xml version="1.0" encoding="UTF-8"?>
<!-- Generated by org.testng.reporters.JUnitXMLReporter -->
<testsuite ignored="0" hostname="LTIN682992" failures="0" tests="3" name="All Tests" time="0.21" errors="0" timestamp="2026-05-26T17:09:44 IST">
  <testcase classname="base.BaseTest" name="@BeforeMethod setUp" time="0.091">
    <failure type="org.openqa.selenium.remote.NoSuchDriverException" message="Unable to obtain: chromedriver, error chromedriver must exist: .\drivers\chromedriver.exe
For documentation on this error, please visit: https://www.selenium.dev/documentation/webdriver/troubleshooting/errors/driver_location/
Build info: version: &amp;apos;4.41.0&amp;apos;, revision: &amp;apos;9fc754f&amp;apos;
System info: os.name: &amp;apos;Windows 11&amp;apos;, os.arch: &amp;apos;amd64&amp;apos;, os.version: &amp;apos;10.0&amp;apos;, java.version: &amp;apos;21.0.10&amp;apos;
Driver info: driver.version: ChromeDriver">
      <![CDATA[org.openqa.selenium.remote.NoSuchDriverException: Unable to obtain: chromedriver, error chromedriver must exist: .\drivers\chromedriver.exe
For documentation on this error, please visit: https://www.selenium.dev/documentation/webdriver/troubleshooting/errors/driver_location/
Build info: version: '4.41.0', revision: '9fc754f'
System info: os.name: 'Windows 11', os.arch: 'amd64', os.version: '10.0', java.version: '21.0.10'
Driver info: driver.version: ChromeDriver
at org.openqa.selenium.remote.service.DriverFinder.getBinaryPaths(DriverFinder.java:123)
at org.openqa.selenium.remote.service.DriverFinder.getDriverPath(DriverFinder.java:54)
at org.openqa.selenium.chrome.ChromeDriver.generateExecutor(ChromeDriver.java:107)
at org.openqa.selenium.chrome.ChromeDriver.<init>(ChromeDriver.java:93)
at org.openqa.selenium.chrome.ChromeDriver.<init>(ChromeDriver.java:87)
at org.openqa.selenium.chrome.ChromeDriver.<init>(ChromeDriver.java:51)
at base.BaseTest.setUp(BaseTest.java:28)
at java.base/java.util.ArrayList.forEach(ArrayList.java:1596)
Caused by: java.lang.IllegalStateException: chromedriver must exist: .\drivers\chromedriver.exe
at org.openqa.selenium.internal.Require$PathStateChecker.isExecutable(Require.java:402)
at org.openqa.selenium.remote.service.DriverFinder.getBinaryPaths(DriverFinder.java:120)
... 36 more
... Removed 29 stack frames]]>
    </failure>
  </testcase> <!-- @BeforeMethod setUp -->
  <testcase classname="base.BaseTest" name="@AfterMethod tearDown" time="0.0">
    <skipped/>
  </testcase> <!-- @AfterMethod tearDown -->
  <testcase classname="base.BaseTest" name="@BeforeMethod setUp" time="0.002">
    <failure type="org.openqa.selenium.remote.NoSuchDriverException" message="Unable to obtain: chromedriver, error chromedriver must exist: .\drivers\chromedriver.exe
For documentation on this error, please visit: https://www.selenium.dev/documentation/webdriver/troubleshooting/errors/driver_location/
Build info: version: &amp;apos;4.41.0&amp;apos;, revision: &amp;apos;9fc754f&amp;apos;
System info: os.name: &amp;apos;Windows 11&amp;apos;, os.arch: &amp;apos;amd64&amp;apos;, os.version: &amp;apos;10.0&amp;apos;, java.version: &amp;apos;21.0.10&amp;apos;
Driver info: driver.version: ChromeDriver">
      <![CDATA[org.openqa.selenium.remote.NoSuchDriverException: Unable to obtain: chromedriver, error chromedriver must exist: .\drivers\chromedriver.exe
For documentation on this error, please visit: https://www.selenium.dev/documentation/webdriver/troubleshooting/errors/driver_location/
Build info: version: '4.41.0', revision: '9fc754f'
System info: os.name: 'Windows 11', os.arch: 'amd64', os.version: '10.0', java.version: '21.0.10'
Driver info: driver.version: ChromeDriver
at org.openqa.selenium.remote.service.DriverFinder.getBinaryPaths(DriverFinder.java:123)
at org.openqa.selenium.remote.service.DriverFinder.getDriverPath(DriverFinder.java:54)
at org.openqa.selenium.chrome.ChromeDriver.generateExecutor(ChromeDriver.java:107)
at org.openqa.selenium.chrome.ChromeDriver.<init>(ChromeDriver.java:93)
at org.openqa.selenium.chrome.ChromeDriver.<init>(ChromeDriver.java:87)
at org.openqa.selenium.chrome.ChromeDriver.<init>(ChromeDriver.java:51)
at base.BaseTest.setUp(BaseTest.java:28)
at java.base/java.util.ArrayList.forEach(ArrayList.java:1596)
Caused by: java.lang.IllegalStateException: chromedriver must exist: .\drivers\chromedriver.exe
at org.openqa.selenium.internal.Require$PathStateChecker.isExecutable(Require.java:402)
at org.openqa.selenium.remote.service.DriverFinder.getBinaryPaths(DriverFinder.java:120)
... 36 more
... Removed 29 stack frames]]>
    </failure>
  </testcase> <!-- @BeforeMethod setUp -->
  <testcase classname="base.BaseTest" name="@AfterMethod tearDown" time="0.0">
    <skipped/>
  </testcase> <!-- @AfterMethod tearDown -->
  <testcase classname="base.BaseTest" name="@BeforeMethod setUp" time="0.002">
    <failure type="org.openqa.selenium.remote.NoSuchDriverException" message="Unable to obtain: chromedriver, error chromedriver must exist: .\drivers\chromedriver.exe
For documentation on this error, please visit: https://www.selenium.dev/documentation/webdriver/troubleshooting/errors/driver_location/
Build info: version: &amp;apos;4.41.0&amp;apos;, revision: &amp;apos;9fc754f&amp;apos;
System info: os.name: &amp;apos;Windows 11&amp;apos;, os.arch: &amp;apos;amd64&amp;apos;, os.version: &amp;apos;10.0&amp;apos;, java.version: &amp;apos;21.0.10&amp;apos;
Driver info: driver.version: ChromeDriver">
      <![CDATA[org.openqa.selenium.remote.NoSuchDriverException: Unable to obtain: chromedriver, error chromedriver must exist: .\drivers\chromedriver.exe
For documentation on this error, please visit: https://www.selenium.dev/documentation/webdriver/troubleshooting/errors/driver_location/
Build info: version: '4.41.0', revision: '9fc754f'
System info: os.name: 'Windows 11', os.arch: 'amd64', os.version: '10.0', java.version: '21.0.10'
Driver info: driver.version: ChromeDriver
at org.openqa.selenium.remote.service.DriverFinder.getBinaryPaths(DriverFinder.java:123)
at org.openqa.selenium.remote.service.DriverFinder.getDriverPath(DriverFinder.java:54)
at org.openqa.selenium.chrome.ChromeDriver.generateExecutor(ChromeDriver.java:107)
at org.openqa.selenium.chrome.ChromeDriver.<init>(ChromeDriver.java:93)
at org.openqa.selenium.chrome.ChromeDriver.<init>(ChromeDriver.java:87)
at org.openqa.selenium.chrome.ChromeDriver.<init>(ChromeDriver.java:51)
at base.BaseTest.setUp(BaseTest.java:28)
at java.base/java.util.ArrayList.forEach(ArrayList.java:1596)
Caused by: java.lang.IllegalStateException: chromedriver must exist: .\drivers\chromedriver.exe
at org.openqa.selenium.internal.Require$PathStateChecker.isExecutable(Require.java:402)
at org.openqa.selenium.remote.service.DriverFinder.getBinaryPaths(DriverFinder.java:120)
... 36 more
... Removed 29 stack frames]]>
    </failure>
  </testcase> <!-- @BeforeMethod setUp -->
  <testcase classname="base.BaseTest" name="@AfterMethod tearDown" time="0.0">
    <skipped/>
  </testcase> <!-- @AfterMethod tearDown -->
  <testcase classname="tests.UpcomingBikesTest" name="testHondaBikes" time="0.001">
    <skipped/>
  </testcase> <!-- testHondaBikes -->
  <testcase classname="tests.UsedCarsTest" name="testUsedCars" time="0.0">
    <skipped/>
  </testcase> <!-- testUsedCars -->
  <testcase classname="tests.LoginTest" name="testInvalidLogin" time="0.001">
    <skipped/>
  </testcase> <!-- testInvalidLogin -->
</testsuite> <!-- All Tests -->
