<?xml version="1.0" encoding="UTF-8"?>
<testng-results ignored="6" total="7" passed="1" failed="0" skipped="0">
  <reporter-output>
  </reporter-output>
  <suite started-at="2026-05-28T12:52:55 IST" name="Zigwheels Automation Suite" finished-at="2026-05-28T12:53:24 IST" duration-ms="29534">
    <groups>
    </groups>
    <test started-at="2026-05-28T12:52:55 IST" name="Zigwheels Functional Test" finished-at="2026-05-28T12:53:24 IST" duration-ms="29534">
      <class name="tests.ZigwheelsTest">
        <test-method is-config="true" signature="setUp()[pri:0, instance:tests.ZigwheelsTest@3e694b3f]" started-at="2026-05-28T12:52:55 IST" name="setUp" finished-at="2026-05-28T12:53:06 IST" duration-ms="11240" status="PASS">
          <reporter-output>
          </reporter-output>
        </test-method> <!-- setUp -->
        <test-method signature="testMorePage()[pri:0, instance:tests.ZigwheelsTest@3e694b3f]" started-at="2026-05-28T12:53:06 IST" name="testMorePage" finished-at="2026-05-28T12:53:19 IST" duration-ms="13217" status="PASS">
          <reporter-output>
          </reporter-output>
        </test-method> <!-- testMorePage -->
        <test-method is-config="true" signature="exit()[pri:0, instance:tests.ZigwheelsTest@3e694b3f]" started-at="2026-05-28T12:53:19 IST" name="exit" finished-at="2026-05-28T12:53:24 IST" duration-ms="5036" status="PASS">
          <reporter-output>
          </reporter-output>
        </test-method> <!-- exit -->
      </class> <!-- tests.ZigwheelsTest -->
    </test> <!-- Zigwheels Functional Test -->
  </suite> <!-- Zigwheels Automation Suite -->
</testng-results>
