<?xml version="1.0" encoding="UTF-8"?>
<testng-results ignored="5" total="6" passed="1" failed="0" skipped="0">
  <reporter-output>
  </reporter-output>
  <suite started-at="2026-05-27T18:24:42 IST" name="Default suite" finished-at="2026-05-27T18:24:59 IST" duration-ms="17106">
    <groups>
    </groups>
    <test started-at="2026-05-27T18:24:42 IST" name="Default test" finished-at="2026-05-27T18:24:59 IST" duration-ms="17106">
      <class name="tests.ZigwheelsTest">
        <test-method is-config="true" signature="setUp()[pri:0, instance:tests.ZigwheelsTest@65fb9ffc]" started-at="2026-05-27T18:24:42 IST" name="setUp" finished-at="2026-05-27T18:24:50 IST" duration-ms="7752" status="PASS">
          <reporter-output>
          </reporter-output>
        </test-method> <!-- setUp -->
        <test-method signature="testUserReviews()[pri:0, instance:tests.ZigwheelsTest@65fb9ffc]" started-at="2026-05-27T18:24:50 IST" name="testUserReviews" finished-at="2026-05-27T18:24:54 IST" duration-ms="4039" status="PASS">
          <reporter-output>
          </reporter-output>
        </test-method> <!-- testUserReviews -->
        <test-method is-config="true" signature="exit()[pri:0, instance:tests.ZigwheelsTest@65fb9ffc]" started-at="2026-05-27T18:24:54 IST" name="exit" finished-at="2026-05-27T18:24:59 IST" duration-ms="5275" status="PASS">
          <reporter-output>
          </reporter-output>
        </test-method> <!-- exit -->
      </class> <!-- tests.ZigwheelsTest -->
    </test> <!-- Default test -->
  </suite> <!-- Default suite -->
</testng-results>
