<?xml version="1.0" encoding="UTF-8"?>
<!-- Generated by org.testng.reporters.JUnitXMLReporter -->
<testsuite ignored="5" hostname="LTIN682992" failures="0" tests="1" name="Default test" time="17.106" errors="0" timestamp="2026-05-27T18:24:59 IST">
  <testcase classname="tests.ZigwheelsTest" name="testUserReviews" time="4.039"/>
  <testcase classname="tests.ZigwheelsTest" name="testGoogleLogin" time="0.0">
    <ignored/>
  </testcase> <!-- testGoogleLogin -->
  <testcase classname="tests.ZigwheelsTest" name="testUpcomingHondaBikes" time="0.0">
    <ignored/>
  </testcase> <!-- testUpcomingHondaBikes -->
  <testcase classname="tests.ZigwheelsTest" name="testElectricCars" time="0.0">
    <ignored/>
  </testcase> <!-- testElectricCars -->
  <testcase classname="tests.ZigwheelsTest" name="testUsedCarsChennai" time="0.0">
    <ignored/>
  </testcase> <!-- testUsedCarsChennai -->
  <testcase classname="tests.ZigwheelsTest" name="testBikeDealers" time="0.0">
    <ignored/>
  </testcase> <!-- testBikeDealers -->
</testsuite> <!-- Default test -->
